Analysis & Synthesis report for LCD_Top
Sun Dec 13 09:41:30 2020
Quartus Prime Version 20.1.0 Build 711 06/05/2020 SJ Lite Edition


---------------------
; Table of Contents ;
---------------------
  1. Legal Notice
  2. Analysis & Synthesis Summary
  3. Analysis & Synthesis Settings
  4. Parallel Compilation
  5. Analysis & Synthesis Source Files Read
  6. Analysis & Synthesis Resource Usage Summary
  7. Analysis & Synthesis Resource Utilization by Entity
  8. State Machine - |LCD_Top|LCD_TEST:u5|mLCD_ST
  9. State Machine - |LCD_Top|LCD_TEST:u5|LCD_Controller:u0|ST
 10. Registers Removed During Synthesis
 11. General Register Statistics
 12. Multiplexer Restructuring Statistics (Restructuring Performed)
 13. Parameter Settings for User Entity Instance: LCD_TEST:u5
 14. Parameter Settings for User Entity Instance: LCD_TEST:u5|LCD_Controller:u0
 15. Port Connectivity Checks: "LCD_TEST:u5"
 16. Post-Synthesis Netlist Statistics for Top Partition
 17. Elapsed Time Per Partition
 18. Analysis & Synthesis Messages



----------------
; Legal Notice ;
----------------
Copyright (C) 2020  Intel Corporation. All rights reserved.
Your use of Intel Corporation's design tools, logic functions 
and other software and tools, and any partner logic 
functions, and any output files from any of the foregoing 
(including device programming or simulation files), and any 
associated documentation or information are expressly subject 
to the terms and conditions of the Intel Program License 
Subscription Agreement, the Intel Quartus Prime License Agreement,
the Intel FPGA IP License Agreement, or other applicable license
agreement, including, without limitation, that your use is for
the sole purpose of programming logic devices manufactured by
Intel and sold by Intel or its authorized distributors.  Please
refer to the applicable agreement for further details, at
https://fpgasoftware.intel.com/eula.



+----------------------------------------------------------------------------------+
; Analysis & Synthesis Summary                                                     ;
+------------------------------------+---------------------------------------------+
; Analysis & Synthesis Status        ; Successful - Sun Dec 13 09:41:30 2020       ;
; Quartus Prime Version              ; 20.1.0 Build 711 06/05/2020 SJ Lite Edition ;
; Revision Name                      ; LCD_Top                                     ;
; Top-level Entity Name              ; LCD_Top                                     ;
; Family                             ; Cyclone IV E                                ;
; Total logic elements               ; 134                                         ;
;     Total combinational functions  ; 133                                         ;
;     Dedicated logic registers      ; 72                                          ;
; Total registers                    ; 72                                          ;
; Total pins                         ; 13                                          ;
; Total virtual pins                 ; 0                                           ;
; Total memory bits                  ; 0                                           ;
; Embedded Multiplier 9-bit elements ; 0                                           ;
; Total PLLs                         ; 0                                           ;
+------------------------------------+---------------------------------------------+


+------------------------------------------------------------------------------------------------------------+
; Analysis & Synthesis Settings                                                                              ;
+------------------------------------------------------------------+--------------------+--------------------+
; Option                                                           ; Setting            ; Default Value      ;
+------------------------------------------------------------------+--------------------+--------------------+
; Device                                                           ; EP4CE6E22C8        ;                    ;
; Top-level entity name                                            ; LCD_Top            ; LCD_Top            ;
; Family name                                                      ; Cyclone IV E       ; Cyclone V          ;
; Use smart compilation                                            ; Off                ; Off                ;
; Enable parallel Assembler and Timing Analyzer during compilation ; On                 ; On                 ;
; Enable compact report table                                      ; Off                ; Off                ;
; Restructure Multiplexers                                         ; Auto               ; Auto               ;
; Create Debugging Nodes for IP Cores                              ; Off                ; Off                ;
; Preserve fewer node names                                        ; On                 ; On                 ;
; Intel FPGA IP Evaluation Mode                                    ; Enable             ; Enable             ;
; Verilog Version                                                  ; Verilog_2001       ; Verilog_2001       ;
; VHDL Version                                                     ; VHDL_1993          ; VHDL_1993          ;
; State Machine Processing                                         ; Auto               ; Auto               ;
; Safe State Machine                                               ; Off                ; Off                ;
; Extract Verilog State Machines                                   ; On                 ; On                 ;
; Extract VHDL State Machines                                      ; On                 ; On                 ;
; Ignore Verilog initial constructs                                ; Off                ; Off                ;
; Iteration limit for constant Verilog loops                       ; 5000               ; 5000               ;
; Iteration limit for non-constant Verilog loops                   ; 250                ; 250                ;
; Add Pass-Through Logic to Inferred RAMs                          ; On                 ; On                 ;
; Infer RAMs from Raw Logic                                        ; On                 ; On                 ;
; Parallel Synthesis                                               ; On                 ; On                 ;
; DSP Block Balancing                                              ; Auto               ; Auto               ;
; NOT Gate Push-Back                                               ; On                 ; On                 ;
; Power-Up Don't Care                                              ; On                 ; On                 ;
; Remove Redundant Logic Cells                                     ; Off                ; Off                ;
; Remove Duplicate Registers                                       ; On                 ; On                 ;
; Ignore CARRY Buffers                                             ; Off                ; Off                ;
; Ignore CASCADE Buffers                                           ; Off                ; Off                ;
; Ignore GLOBAL Buffers                                            ; Off                ; Off                ;
; Ignore ROW GLOBAL Buffers                                        ; Off                ; Off                ;
; Ignore LCELL Buffers                                             ; Off                ; Off                ;
; Ignore SOFT Buffers                                              ; On                 ; On                 ;
; Limit AHDL Integers to 32 Bits                                   ; Off                ; Off                ;
; Optimization Technique                                           ; Balanced           ; Balanced           ;
; Carry Chain Length                                               ; 70                 ; 70                 ;
; Auto Carry Chains                                                ; On                 ; On                 ;
; Auto Open-Drain Pins                                             ; On                 ; On                 ;
; Perform WYSIWYG Primitive Resynthesis                            ; Off                ; Off                ;
; Auto ROM Replacement                                             ; On                 ; On                 ;
; Auto RAM Replacement                                             ; On                 ; On                 ;
; Auto DSP Block Replacement                                       ; On                 ; On                 ;
; Auto Shift Register Replacement                                  ; Auto               ; Auto               ;
; Allow Shift Register Merging across Hierarchies                  ; Auto               ; Auto               ;
; Auto Clock Enable Replacement                                    ; On                 ; On                 ;
; Strict RAM Replacement                                           ; Off                ; Off                ;
; Allow Synchronous Control Signals                                ; On                 ; On                 ;
; Force Use of Synchronous Clear Signals                           ; Off                ; Off                ;
; Auto RAM Block Balancing                                         ; On                 ; On                 ;
; Auto RAM to Logic Cell Conversion                                ; Off                ; Off                ;
; Auto Resource Sharing                                            ; Off                ; Off                ;
; Allow Any RAM Size For Recognition                               ; Off                ; Off                ;
; Allow Any ROM Size For Recognition                               ; Off                ; Off                ;
; Allow Any Shift Register Size For Recognition                    ; Off                ; Off                ;
; Use LogicLock Constraints during Resource Balancing              ; On                 ; On                 ;
; Ignore translate_off and synthesis_off directives                ; Off                ; Off                ;
; Timing-Driven Synthesis                                          ; On                 ; On                 ;
; Report Parameter Settings                                        ; On                 ; On                 ;
; Report Source Assignments                                        ; On                 ; On                 ;
; Report Connectivity Checks                                       ; On                 ; On                 ;
; Ignore Maximum Fan-Out Assignments                               ; Off                ; Off                ;
; Synchronization Register Chain Length                            ; 2                  ; 2                  ;
; Power Optimization During Synthesis                              ; Normal compilation ; Normal compilation ;
; HDL message level                                                ; Level2             ; Level2             ;
; Suppress Register Optimization Related Messages                  ; Off                ; Off                ;
; Number of Removed Registers Reported in Synthesis Report         ; 5000               ; 5000               ;
; Number of Swept Nodes Reported in Synthesis Report               ; 5000               ; 5000               ;
; Number of Inverted Registers Reported in Synthesis Report        ; 100                ; 100                ;
; Clock MUX Protection                                             ; On                 ; On                 ;
; Auto Gated Clock Conversion                                      ; Off                ; Off                ;
; Block Design Naming                                              ; Auto               ; Auto               ;
; SDC constraint protection                                        ; Off                ; Off                ;
; Synthesis Effort                                                 ; Auto               ; Auto               ;
; Shift Register Replacement - Allow Asynchronous Clear Signal     ; On                 ; On                 ;
; Pre-Mapping Resynthesis Optimization                             ; Off                ; Off                ;
; Analysis & Synthesis Message Level                               ; Medium             ; Medium             ;
; Disable Register Merging Across Hierarchies                      ; Auto               ; Auto               ;
; Resource Aware Inference For Block RAM                           ; On                 ; On                 ;
+------------------------------------------------------------------+--------------------+--------------------+


+------------------------------------------+
; Parallel Compilation                     ;
+----------------------------+-------------+
; Processors                 ; Number      ;
+----------------------------+-------------+
; Number detected on machine ; 4           ;
; Maximum allowed            ; 4           ;
;                            ;             ;
; Average used               ; 1.00        ;
; Maximum used               ; 4           ;
;                            ;             ;
; Usage by Processor         ; % Time Used ;
;     Processor 1            ; 100.0%      ;
;     Processors 2-4         ;   0.0%      ;
+----------------------------+-------------+


+-------------------------------------------------------------------------------------------------------------------------------------+
; Analysis & Synthesis Source Files Read                                                                                              ;
+----------------------------------+-----------------+------------------------+---------------------------------------------+---------+
; File Name with User-Entered Path ; Used in Netlist ; File Type              ; File Name with Absolute Path                ; Library ;
+----------------------------------+-----------------+------------------------+---------------------------------------------+---------+
; Reset_Delay.v                    ; yes             ; User Verilog HDL File  ; C:/Users/wob19/Desktop/LCD/Reset_Delay.v    ;         ;
; LCD_Top.v                        ; yes             ; User Verilog HDL File  ; C:/Users/wob19/Desktop/LCD/LCD_Top.v        ;         ;
; LCD_TEST.v                       ; yes             ; User Verilog HDL File  ; C:/Users/wob19/Desktop/LCD/LCD_TEST.v       ;         ;
; LCD_Controller.v                 ; yes             ; User Verilog HDL File  ; C:/Users/wob19/Desktop/LCD/LCD_Controller.v ;         ;
+----------------------------------+-----------------+------------------------+---------------------------------------------+---------+


+--------------------------------------------------------------+
; Analysis & Synthesis Resource Usage Summary                  ;
+---------------------------------------------+----------------+
; Resource                                    ; Usage          ;
+---------------------------------------------+----------------+
; Estimated Total logic elements              ; 134            ;
;                                             ;                ;
; Total combinational functions               ; 133            ;
; Logic element usage by number of LUT inputs ;                ;
;     -- 4 input functions                    ; 61             ;
;     -- 3 input functions                    ; 13             ;
;     -- <=2 input functions                  ; 59             ;
;                                             ;                ;
; Logic elements by mode                      ;                ;
;     -- normal mode                          ; 90             ;
;     -- arithmetic mode                      ; 43             ;
;                                             ;                ;
; Total registers                             ; 72             ;
;     -- Dedicated logic registers            ; 72             ;
;     -- I/O registers                        ; 0              ;
;                                             ;                ;
; I/O pins                                    ; 13             ;
;                                             ;                ;
; Embedded Multiplier 9-bit elements          ; 0              ;
;                                             ;                ;
; Maximum fan-out node                        ; CLOCK_50~input ;
; Maximum fan-out                             ; 72             ;
; Total fan-out                               ; 699            ;
; Average fan-out                             ; 2.92           ;
+---------------------------------------------+----------------+


+--------------------------------------------------------------------------------------------------------------------------------------------------------------------------------------------------------------------------------+
; Analysis & Synthesis Resource Utilization by Entity                                                                                                                                                                            ;
+----------------------------+---------------------+---------------------------+-------------+--------------+---------+-----------+------+--------------+----------------------------------------+----------------+--------------+
; Compilation Hierarchy Node ; Combinational ALUTs ; Dedicated Logic Registers ; Memory Bits ; DSP Elements ; DSP 9x9 ; DSP 18x18 ; Pins ; Virtual Pins ; Full Hierarchy Name                    ; Entity Name    ; Library Name ;
+----------------------------+---------------------+---------------------------+-------------+--------------+---------+-----------+------+--------------+----------------------------------------+----------------+--------------+
; |LCD_Top                   ; 133 (0)             ; 72 (0)                    ; 0           ; 0            ; 0       ; 0         ; 13   ; 0            ; |LCD_Top                               ; LCD_Top        ; work         ;
;    |LCD_TEST:u5|           ; 106 (85)            ; 51 (38)                   ; 0           ; 0            ; 0       ; 0         ; 0    ; 0            ; |LCD_Top|LCD_TEST:u5                   ; LCD_TEST       ; work         ;
;       |LCD_Controller:u0|  ; 21 (21)             ; 13 (13)                   ; 0           ; 0            ; 0       ; 0         ; 0    ; 0            ; |LCD_Top|LCD_TEST:u5|LCD_Controller:u0 ; LCD_Controller ; work         ;
;    |Reset_Delay:r0|        ; 27 (27)             ; 21 (21)                   ; 0           ; 0            ; 0       ; 0         ; 0    ; 0            ; |LCD_Top|Reset_Delay:r0                ; Reset_Delay    ; work         ;
+----------------------------+---------------------+---------------------------+-------------+--------------+---------+-----------+------+--------------+----------------------------------------+----------------+--------------+
Note: For table entries with two numbers listed, the numbers in parentheses indicate the number of resources of the given type used by the specific entity alone. The numbers listed outside of parentheses indicate the total resources of the given type used by the specific entity and all of its sub-entities in the hierarchy.


Encoding Type:  One-Hot
+------------------------------------------------------------------------------------+
; State Machine - |LCD_Top|LCD_TEST:u5|mLCD_ST                                       ;
+----------------+----------------+----------------+----------------+----------------+
; Name           ; mLCD_ST.000011 ; mLCD_ST.000010 ; mLCD_ST.000001 ; mLCD_ST.000000 ;
+----------------+----------------+----------------+----------------+----------------+
; mLCD_ST.000000 ; 0              ; 0              ; 0              ; 0              ;
; mLCD_ST.000001 ; 0              ; 0              ; 1              ; 1              ;
; mLCD_ST.000010 ; 0              ; 1              ; 0              ; 1              ;
; mLCD_ST.000011 ; 1              ; 0              ; 0              ; 1              ;
+----------------+----------------+----------------+----------------+----------------+


Encoding Type:  One-Hot
+-----------------------------------------------------------+
; State Machine - |LCD_Top|LCD_TEST:u5|LCD_Controller:u0|ST ;
+-------+-------+-------+-------+---------------------------+
; Name  ; ST.11 ; ST.10 ; ST.01 ; ST.00                     ;
+-------+-------+-------+-------+---------------------------+
; ST.00 ; 0     ; 0     ; 0     ; 0                         ;
; ST.01 ; 0     ; 0     ; 1     ; 1                         ;
; ST.10 ; 0     ; 1     ; 0     ; 1                         ;
; ST.11 ; 1     ; 0     ; 0     ; 1                         ;
+-------+-------+-------+-------+---------------------------+


+------------------------------------------------------------+
; Registers Removed During Synthesis                         ;
+---------------------------------------+--------------------+
; Register name                         ; Reason for Removal ;
+---------------------------------------+--------------------+
; LCD_TEST:u5|mLCD_ST~8                 ; Lost fanout        ;
; LCD_TEST:u5|mLCD_ST~9                 ; Lost fanout        ;
; LCD_TEST:u5|mLCD_ST~10                ; Lost fanout        ;
; LCD_TEST:u5|mLCD_ST~11                ; Lost fanout        ;
; LCD_TEST:u5|mLCD_ST~12                ; Lost fanout        ;
; LCD_TEST:u5|mLCD_ST~13                ; Lost fanout        ;
; LCD_TEST:u5|LCD_Controller:u0|ST~8    ; Lost fanout        ;
; LCD_TEST:u5|LCD_Controller:u0|ST~9    ; Lost fanout        ;
; Total Number of Removed Registers = 8 ;                    ;
+---------------------------------------+--------------------+


+------------------------------------------------------+
; General Register Statistics                          ;
+----------------------------------------------+-------+
; Statistic                                    ; Value ;
+----------------------------------------------+-------+
; Total registers                              ; 72    ;
; Number of registers using Synchronous Clear  ; 18    ;
; Number of registers using Synchronous Load   ; 0     ;
; Number of registers using Asynchronous Clear ; 51    ;
; Number of registers using Asynchronous Load  ; 0     ;
; Number of registers using Clock Enable       ; 61    ;
; Number of registers using Preset             ; 0     ;
+----------------------------------------------+-------+


+------------------------------------------------------------------------------------------------------------------------------------------------------------+
; Multiplexer Restructuring Statistics (Restructuring Performed)                                                                                             ;
+--------------------+-----------+---------------+----------------------+------------------------+------------+----------------------------------------------+
; Multiplexer Inputs ; Bus Width ; Baseline Area ; Area if Restructured ; Saving if Restructured ; Registered ; Example Multiplexer Output                   ;
+--------------------+-----------+---------------+----------------------+------------------------+------------+----------------------------------------------+
; 3:1                ; 2 bits    ; 4 LEs         ; 2 LEs                ; 2 LEs                  ; Yes        ; |LCD_Top|LCD_TEST:u5|LCD_Controller:u0|oDone ;
; 6:1                ; 2 bits    ; 8 LEs         ; 6 LEs                ; 2 LEs                  ; No         ; |LCD_Top|LCD_TEST:u5|Selector1               ;
+--------------------+-----------+---------------+----------------------+------------------------+------------+----------------------------------------------+


+----------------------------------------------------------+
; Parameter Settings for User Entity Instance: LCD_TEST:u5 ;
+----------------+-------+---------------------------------+
; Parameter Name ; Value ; Type                            ;
+----------------+-------+---------------------------------+
; LCD_INTIAL     ; 0     ; Signed Integer                  ;
; LCD_LINE1      ; 5     ; Signed Integer                  ;
; LCD_CH_LINE    ; 21    ; Signed Integer                  ;
; LCD_LINE2      ; 22    ; Signed Integer                  ;
; LUT_SIZE       ; 67    ; Signed Integer                  ;
+----------------+-------+---------------------------------+
Note: In order to hide this table in the UI and the text report file, please set the "Show Parameter Settings in Synthesis Report" option in "Analysis and Synthesis Settings -> More Settings" to "Off".


+----------------------------------------------------------------------------+
; Parameter Settings for User Entity Instance: LCD_TEST:u5|LCD_Controller:u0 ;
+----------------+-------+---------------------------------------------------+
; Parameter Name ; Value ; Type                                              ;
+----------------+-------+---------------------------------------------------+
; CLK_Divide     ; 16    ; Signed Integer                                    ;
+----------------+-------+---------------------------------------------------+
Note: In order to hide this table in the UI and the text report file, please set the "Show Parameter Settings in Synthesis Report" option in "Analysis and Synthesis Settings -> More Settings" to "Off".


+-----------------------------------------------------+
; Port Connectivity Checks: "LCD_TEST:u5"             ;
+-------------------+-------+----------+--------------+
; Port              ; Type  ; Severity ; Details      ;
+-------------------+-------+----------+--------------+
; Mostrar_10[7..6]  ; Input ; Info     ; Stuck at GND ;
; Mostrar_10[4..0]  ; Input ; Info     ; Stuck at GND ;
; Mostrar_10[8]     ; Input ; Info     ; Stuck at VCC ;
; Mostrar_10[5]     ; Input ; Info     ; Stuck at VCC ;
; Mostrar_11[7..6]  ; Input ; Info     ; Stuck at GND ;
; Mostrar_11[4..0]  ; Input ; Info     ; Stuck at GND ;
; Mostrar_11[8]     ; Input ; Info     ; Stuck at VCC ;
; Mostrar_11[5]     ; Input ; Info     ; Stuck at VCC ;
; Mostrar_12[7..6]  ; Input ; Info     ; Stuck at GND ;
; Mostrar_12[4..0]  ; Input ; Info     ; Stuck at GND ;
; Mostrar_12[8]     ; Input ; Info     ; Stuck at VCC ;
; Mostrar_12[5]     ; Input ; Info     ; Stuck at VCC ;
; Mostrar_13[1..0]  ; Input ; Info     ; Stuck at GND ;
; Mostrar_13[8]     ; Input ; Info     ; Stuck at VCC ;
; Mostrar_13[7]     ; Input ; Info     ; Stuck at GND ;
; Mostrar_13[6]     ; Input ; Info     ; Stuck at VCC ;
; Mostrar_13[5]     ; Input ; Info     ; Stuck at GND ;
; Mostrar_13[3]     ; Input ; Info     ; Stuck at GND ;
; Mostrar_13[2]     ; Input ; Info     ; Stuck at VCC ;
; Mostrar_14[8]     ; Input ; Info     ; Stuck at VCC ;
; Mostrar_14[7]     ; Input ; Info     ; Stuck at GND ;
; Mostrar_14[6]     ; Input ; Info     ; Stuck at VCC ;
; Mostrar_14[5]     ; Input ; Info     ; Stuck at GND ;
; Mostrar_14[2]     ; Input ; Info     ; Stuck at VCC ;
; Mostrar_15[8]     ; Input ; Info     ; Stuck at VCC ;
; Mostrar_15[7]     ; Input ; Info     ; Stuck at GND ;
; Mostrar_15[6]     ; Input ; Info     ; Stuck at VCC ;
; Mostrar_15[5]     ; Input ; Info     ; Stuck at GND ;
; Mostrar_15[3]     ; Input ; Info     ; Stuck at GND ;
; Mostrar_15[2]     ; Input ; Info     ; Stuck at VCC ;
; Mostrar_16[1..0]  ; Input ; Info     ; Stuck at GND ;
; Mostrar_16[8]     ; Input ; Info     ; Stuck at VCC ;
; Mostrar_16[7]     ; Input ; Info     ; Stuck at GND ;
; Mostrar_16[3]     ; Input ; Info     ; Stuck at GND ;
; Mostrar_17[2..1]  ; Input ; Info     ; Stuck at VCC ;
; Mostrar_17[5..3]  ; Input ; Info     ; Stuck at GND ;
; Mostrar_17[8]     ; Input ; Info     ; Stuck at VCC ;
; Mostrar_17[7]     ; Input ; Info     ; Stuck at GND ;
; Mostrar_17[6]     ; Input ; Info     ; Stuck at VCC ;
; Mostrar_17[0]     ; Input ; Info     ; Stuck at GND ;
; Mostrar_18[5..3]  ; Input ; Info     ; Stuck at GND ;
; Mostrar_18[8]     ; Input ; Info     ; Stuck at VCC ;
; Mostrar_18[7]     ; Input ; Info     ; Stuck at GND ;
; Mostrar_18[6]     ; Input ; Info     ; Stuck at VCC ;
; Mostrar_18[2]     ; Input ; Info     ; Stuck at VCC ;
; Mostrar_18[1]     ; Input ; Info     ; Stuck at GND ;
; Mostrar_18[0]     ; Input ; Info     ; Stuck at VCC ;
; Mostrar_19[5..3]  ; Input ; Info     ; Stuck at GND ;
; Mostrar_19[8]     ; Input ; Info     ; Stuck at VCC ;
; Mostrar_19[7]     ; Input ; Info     ; Stuck at GND ;
; Mostrar_19[6]     ; Input ; Info     ; Stuck at VCC ;
; Mostrar_19[2]     ; Input ; Info     ; Stuck at VCC ;
; Mostrar_19[1]     ; Input ; Info     ; Stuck at GND ;
; Mostrar_19[0]     ; Input ; Info     ; Stuck at VCC ;
; Mostrar_110[5..3] ; Input ; Info     ; Stuck at GND ;
; Mostrar_110[1..0] ; Input ; Info     ; Stuck at GND ;
; Mostrar_110[8]    ; Input ; Info     ; Stuck at VCC ;
; Mostrar_110[7]    ; Input ; Info     ; Stuck at GND ;
; Mostrar_110[6]    ; Input ; Info     ; Stuck at VCC ;
; Mostrar_110[2]    ; Input ; Info     ; Stuck at VCC ;
; Mostrar_111[5..3] ; Input ; Info     ; Stuck at GND ;
; Mostrar_111[8]    ; Input ; Info     ; Stuck at VCC ;
; Mostrar_111[7]    ; Input ; Info     ; Stuck at GND ;
; Mostrar_111[6]    ; Input ; Info     ; Stuck at VCC ;
; Mostrar_111[2]    ; Input ; Info     ; Stuck at VCC ;
; Mostrar_111[1]    ; Input ; Info     ; Stuck at GND ;
; Mostrar_111[0]    ; Input ; Info     ; Stuck at VCC ;
; Mostrar_112[3..2] ; Input ; Info     ; Stuck at GND ;
; Mostrar_112[8]    ; Input ; Info     ; Stuck at VCC ;
; Mostrar_112[7]    ; Input ; Info     ; Stuck at GND ;
; Mostrar_112[6]    ; Input ; Info     ; Stuck at VCC ;
; Mostrar_112[5]    ; Input ; Info     ; Stuck at GND ;
; Mostrar_112[4]    ; Input ; Info     ; Stuck at VCC ;
; Mostrar_112[1]    ; Input ; Info     ; Stuck at VCC ;
; Mostrar_112[0]    ; Input ; Info     ; Stuck at GND ;
; Mostrar_113[7..6] ; Input ; Info     ; Stuck at GND ;
; Mostrar_113[4..0] ; Input ; Info     ; Stuck at GND ;
; Mostrar_113[8]    ; Input ; Info     ; Stuck at VCC ;
; Mostrar_113[5]    ; Input ; Info     ; Stuck at VCC ;
; Mostrar_114[7..6] ; Input ; Info     ; Stuck at GND ;
; Mostrar_114[4..0] ; Input ; Info     ; Stuck at GND ;
; Mostrar_114[8]    ; Input ; Info     ; Stuck at VCC ;
; Mostrar_114[5]    ; Input ; Info     ; Stuck at VCC ;
; Mostrar_115[7..6] ; Input ; Info     ; Stuck at GND ;
; Mostrar_115[4..0] ; Input ; Info     ; Stuck at GND ;
; Mostrar_115[8]    ; Input ; Info     ; Stuck at VCC ;
; Mostrar_115[5]    ; Input ; Info     ; Stuck at VCC ;
; Mostrar_20[3..0]  ; Input ; Info     ; Stuck at GND ;
; Mostrar_20[8]     ; Input ; Info     ; Stuck at VCC ;
; Mostrar_20[7]     ; Input ; Info     ; Stuck at GND ;
; Mostrar_20[6]     ; Input ; Info     ; Stuck at VCC ;
; Mostrar_20[5]     ; Input ; Info     ; Stuck at GND ;
; Mostrar_20[4]     ; Input ; Info     ; Stuck at VCC ;
; Mostrar_21[3..2]  ; Input ; Info     ; Stuck at GND ;
; Mostrar_21[8]     ; Input ; Info     ; Stuck at VCC ;
; Mostrar_21[7]     ; Input ; Info     ; Stuck at GND ;
; Mostrar_21[6]     ; Input ; Info     ; Stuck at VCC ;
; Mostrar_21[5]     ; Input ; Info     ; Stuck at GND ;
; Mostrar_21[4]     ; Input ; Info     ; Stuck at VCC ;
; Mostrar_21[1]     ; Input ; Info     ; Stuck at VCC ;
; Mostrar_21[0]     ; Input ; Info     ; Stuck at GND ;
; Mostrar_22[5..3]  ; Input ; Info     ; Stuck at GND ;
; Mostrar_22[8]     ; Input ; Info     ; Stuck at VCC ;
; Mostrar_22[7]     ; Input ; Info     ; Stuck at GND ;
; Mostrar_22[6]     ; Input ; Info     ; Stuck at VCC ;
; Mostrar_22[2]     ; Input ; Info     ; Stuck at VCC ;
; Mostrar_22[1]     ; Input ; Info     ; Stuck at GND ;
; Mostrar_22[0]     ; Input ; Info     ; Stuck at VCC ;
; Mostrar_23[5..3]  ; Input ; Info     ; Stuck at GND ;
; Mostrar_23[8]     ; Input ; Info     ; Stuck at VCC ;
; Mostrar_23[7]     ; Input ; Info     ; Stuck at GND ;
; Mostrar_23[6]     ; Input ; Info     ; Stuck at VCC ;
; Mostrar_23[2]     ; Input ; Info     ; Stuck at VCC ;
; Mostrar_23[1]     ; Input ; Info     ; Stuck at GND ;
; Mostrar_23[0]     ; Input ; Info     ; Stuck at VCC ;
; Mostrar_24[1..0]  ; Input ; Info     ; Stuck at VCC ;
; Mostrar_24[3..2]  ; Input ; Info     ; Stuck at GND ;
; Mostrar_24[8]     ; Input ; Info     ; Stuck at VCC ;
; Mostrar_24[7]     ; Input ; Info     ; Stuck at GND ;
; Mostrar_24[6]     ; Input ; Info     ; Stuck at VCC ;
; Mostrar_24[5]     ; Input ; Info     ; Stuck at GND ;
; Mostrar_24[4]     ; Input ; Info     ; Stuck at VCC ;
; Mostrar_25[7..6]  ; Input ; Info     ; Stuck at GND ;
; Mostrar_25[4..0]  ; Input ; Info     ; Stuck at GND ;
; Mostrar_25[8]     ; Input ; Info     ; Stuck at VCC ;
; Mostrar_25[5]     ; Input ; Info     ; Stuck at VCC ;
; Mostrar_26[5..3]  ; Input ; Info     ; Stuck at GND ;
; Mostrar_26[1..0]  ; Input ; Info     ; Stuck at GND ;
; Mostrar_26[8]     ; Input ; Info     ; Stuck at VCC ;
; Mostrar_26[7]     ; Input ; Info     ; Stuck at GND ;
; Mostrar_26[6]     ; Input ; Info     ; Stuck at VCC ;
; Mostrar_26[2]     ; Input ; Info     ; Stuck at VCC ;
; Mostrar_27[7..6]  ; Input ; Info     ; Stuck at GND ;
; Mostrar_27[4..0]  ; Input ; Info     ; Stuck at GND ;
; Mostrar_27[8]     ; Input ; Info     ; Stuck at VCC ;
; Mostrar_27[5]     ; Input ; Info     ; Stuck at VCC ;
; Mostrar_28[1..0]  ; Input ; Info     ; Stuck at GND ;
; Mostrar_28[8]     ; Input ; Info     ; Stuck at VCC ;
; Mostrar_28[7]     ; Input ; Info     ; Stuck at GND ;
; Mostrar_28[6]     ; Input ; Info     ; Stuck at VCC ;
; Mostrar_28[5]     ; Input ; Info     ; Stuck at GND ;
; Mostrar_28[4]     ; Input ; Info     ; Stuck at VCC ;
; Mostrar_28[3]     ; Input ; Info     ; Stuck at GND ;
; Mostrar_28[2]     ; Input ; Info     ; Stuck at VCC ;
; Mostrar_29[3..0]  ; Input ; Info     ; Stuck at VCC ;
; Mostrar_29[5..4]  ; Input ; Info     ; Stuck at GND ;
; Mostrar_29[8]     ; Input ; Info     ; Stuck at VCC ;
; Mostrar_29[7]     ; Input ; Info     ; Stuck at GND ;
; Mostrar_29[6]     ; Input ; Info     ; Stuck at VCC ;
; Mostrar_210[7..6] ; Input ; Info     ; Stuck at GND ;
; Mostrar_210[4..0] ; Input ; Info     ; Stuck at GND ;
; Mostrar_210[8]    ; Input ; Info     ; Stuck at VCC ;
; Mostrar_210[5]    ; Input ; Info     ; Stuck at VCC ;
; Mostrar_211[1..0] ; Input ; Info     ; Stuck at VCC ;
; Mostrar_211[3..2] ; Input ; Info     ; Stuck at GND ;
; Mostrar_211[8]    ; Input ; Info     ; Stuck at VCC ;
; Mostrar_211[7]    ; Input ; Info     ; Stuck at GND ;
; Mostrar_211[6]    ; Input ; Info     ; Stuck at VCC ;
; Mostrar_211[5]    ; Input ; Info     ; Stuck at GND ;
; Mostrar_211[4]    ; Input ; Info     ; Stuck at VCC ;
; Mostrar_212[1..0] ; Input ; Info     ; Stuck at GND ;
; Mostrar_212[8]    ; Input ; Info     ; Stuck at VCC ;
; Mostrar_212[7]    ; Input ; Info     ; Stuck at GND ;
; Mostrar_212[6]    ; Input ; Info     ; Stuck at VCC ;
; Mostrar_212[5]    ; Input ; Info     ; Stuck at GND ;
; Mostrar_212[4]    ; Input ; Info     ; Stuck at VCC ;
; Mostrar_212[3]    ; Input ; Info     ; Stuck at GND ;
; Mostrar_212[2]    ; Input ; Info     ; Stuck at VCC ;
; Mostrar_213[5..1] ; Input ; Info     ; Stuck at GND ;
; Mostrar_213[8]    ; Input ; Info     ; Stuck at VCC ;
; Mostrar_213[7]    ; Input ; Info     ; Stuck at GND ;
; Mostrar_213[6]    ; Input ; Info     ; Stuck at VCC ;
; Mostrar_213[0]    ; Input ; Info     ; Stuck at VCC ;
; Mostrar_214[3..2] ; Input ; Info     ; Stuck at GND ;
; Mostrar_214[8]    ; Input ; Info     ; Stuck at VCC ;
; Mostrar_214[7]    ; Input ; Info     ; Stuck at GND ;
; Mostrar_214[6]    ; Input ; Info     ; Stuck at VCC ;
; Mostrar_214[5]    ; Input ; Info     ; Stuck at GND ;
; Mostrar_214[4]    ; Input ; Info     ; Stuck at VCC ;
; Mostrar_214[1]    ; Input ; Info     ; Stuck at VCC ;
; Mostrar_214[0]    ; Input ; Info     ; Stuck at GND ;
; Mostrar_215[1..0] ; Input ; Info     ; Stuck at GND ;
; Mostrar_215[8]    ; Input ; Info     ; Stuck at VCC ;
; Mostrar_215[7]    ; Input ; Info     ; Stuck at GND ;
; Mostrar_215[6]    ; Input ; Info     ; Stuck at VCC ;
; Mostrar_215[5]    ; Input ; Info     ; Stuck at GND ;
; Mostrar_215[4]    ; Input ; Info     ; Stuck at VCC ;
; Mostrar_215[3]    ; Input ; Info     ; Stuck at GND ;
; Mostrar_215[2]    ; Input ; Info     ; Stuck at VCC ;
+-------------------+-------+----------+--------------+


+-----------------------------------------------------+
; Post-Synthesis Netlist Statistics for Top Partition ;
+-----------------------+-----------------------------+
; Type                  ; Count                       ;
+-----------------------+-----------------------------+
; boundary_port         ; 13                          ;
; cycloneiii_ff         ; 72                          ;
;     CLR               ; 9                           ;
;     ENA               ; 19                          ;
;     ENA CLR           ; 24                          ;
;     ENA CLR SCLR      ; 18                          ;
;     plain             ; 2                           ;
; cycloneiii_io_obuf    ; 8                           ;
; cycloneiii_lcell_comb ; 134                         ;
;     arith             ; 43                          ;
;         2 data inputs ; 41                          ;
;         3 data inputs ; 2                           ;
;     normal            ; 91                          ;
;         0 data inputs ; 1                           ;
;         1 data inputs ; 7                           ;
;         2 data inputs ; 11                          ;
;         3 data inputs ; 11                          ;
;         4 data inputs ; 61                          ;
;                       ;                             ;
; Max LUT depth         ; 4.00                        ;
; Average LUT depth     ; 2.45                        ;
+-----------------------+-----------------------------+


+-------------------------------+
; Elapsed Time Per Partition    ;
+----------------+--------------+
; Partition Name ; Elapsed Time ;
+----------------+--------------+
; Top            ; 00:00:00     ;
+----------------+--------------+


+-------------------------------+
; Analysis & Synthesis Messages ;
+-------------------------------+
Info: *******************************************************************
Info: Running Quartus Prime Analysis & Synthesis
    Info: Version 20.1.0 Build 711 06/05/2020 SJ Lite Edition
    Info: Processing started: Sun Dec 13 09:41:19 2020
Info: Command: quartus_map --read_settings_files=on --write_settings_files=off LCD_Top -c LCD_Top
Warning (18236): Number of processors has not been specified which may cause overloading on shared machines.  Set the global assignment NUM_PARALLEL_PROCESSORS in your QSF to an appropriate value for best performance.
Info (20030): Parallel compilation is enabled and will use 4 of the 4 processors detected
Info (12021): Found 1 design units, including 1 entities, in source file reset_delay.v
    Info (12023): Found entity 1: Reset_Delay File: C:/Users/wob19/Desktop/LCD/Reset_Delay.v Line: 2
Info (12021): Found 1 design units, including 1 entities, in source file lcd_top.v
    Info (12023): Found entity 1: LCD_Top File: C:/Users/wob19/Desktop/LCD/LCD_Top.v Line: 2
Warning (10229): Verilog HDL Expression warning at LCD_TEST.v(125): truncated literal to match 18 bits File: C:/Users/wob19/Desktop/LCD/LCD_TEST.v Line: 125
Info (12021): Found 1 design units, including 1 entities, in source file lcd_test.v
    Info (12023): Found entity 1: LCD_TEST File: C:/Users/wob19/Desktop/LCD/LCD_TEST.v Line: 2
Info (12021): Found 1 design units, including 1 entities, in source file lcd_controller.v
    Info (12023): Found entity 1: LCD_Controller File: C:/Users/wob19/Desktop/LCD/LCD_Controller.v Line: 1
Info (12021): Found 1 design units, including 1 entities, in source file divisor_clk.v
    Info (12023): Found entity 1: Divisor_clk File: C:/Users/wob19/Desktop/LCD/Divisor_clk.v Line: 2
Info (12127): Elaborating entity "LCD_Top" for the top level hierarchy
Info (12128): Elaborating entity "Reset_Delay" for hierarchy "Reset_Delay:r0" File: C:/Users/wob19/Desktop/LCD/LCD_Top.v Line: 58
Warning (10230): Verilog HDL assignment warning at Reset_Delay.v(11): truncated value with size 32 to match size of target (20) File: C:/Users/wob19/Desktop/LCD/Reset_Delay.v Line: 11
Info (12128): Elaborating entity "LCD_TEST" for hierarchy "LCD_TEST:u5" File: C:/Users/wob19/Desktop/LCD/LCD_Top.v Line: 177
Warning (10230): Verilog HDL assignment warning at LCD_TEST.v(126): truncated value with size 32 to match size of target (18) File: C:/Users/wob19/Desktop/LCD/LCD_TEST.v Line: 126
Warning (10230): Verilog HDL assignment warning at LCD_TEST.v(134): truncated value with size 32 to match size of target (6) File: C:/Users/wob19/Desktop/LCD/LCD_TEST.v Line: 134
Info (12128): Elaborating entity "LCD_Controller" for hierarchy "LCD_TEST:u5|LCD_Controller:u0" File: C:/Users/wob19/Desktop/LCD/LCD_TEST.v Line: 230
Warning (10230): Verilog HDL assignment warning at LCD_Controller.v(70): truncated value with size 32 to match size of target (5) File: C:/Users/wob19/Desktop/LCD/LCD_Controller.v Line: 70
Warning (13034): The following nodes have both tri-state and non-tri-state drivers
    Warning (13035): Inserted always-enabled tri-state buffer between "LCD_DATA[0]" and its non-tri-state driver. File: C:/Users/wob19/Desktop/LCD/LCD_Top.v Line: 47
    Warning (13035): Inserted always-enabled tri-state buffer between "LCD_DATA[1]" and its non-tri-state driver. File: C:/Users/wob19/Desktop/LCD/LCD_Top.v Line: 47
    Warning (13035): Inserted always-enabled tri-state buffer between "LCD_DATA[2]" and its non-tri-state driver. File: C:/Users/wob19/Desktop/LCD/LCD_Top.v Line: 47
    Warning (13035): Inserted always-enabled tri-state buffer between "LCD_DATA[3]" and its non-tri-state driver. File: C:/Users/wob19/Desktop/LCD/LCD_Top.v Line: 47
    Warning (13035): Inserted always-enabled tri-state buffer between "LCD_DATA[4]" and its non-tri-state driver. File: C:/Users/wob19/Desktop/LCD/LCD_Top.v Line: 47
    Warning (13035): Inserted always-enabled tri-state buffer between "LCD_DATA[5]" and its non-tri-state driver. File: C:/Users/wob19/Desktop/LCD/LCD_Top.v Line: 47
    Warning (13035): Inserted always-enabled tri-state buffer between "LCD_DATA[6]" and its non-tri-state driver. File: C:/Users/wob19/Desktop/LCD/LCD_Top.v Line: 47
    Warning (13035): Inserted always-enabled tri-state buffer between "LCD_DATA[7]" and its non-tri-state driver. File: C:/Users/wob19/Desktop/LCD/LCD_Top.v Line: 47
Warning (13009): TRI or OPNDRN buffers permanently enabled
    Warning (13010): Node "LCD_DATA[0]~synth" File: C:/Users/wob19/Desktop/LCD/LCD_Top.v Line: 47
    Warning (13010): Node "LCD_DATA[1]~synth" File: C:/Users/wob19/Desktop/LCD/LCD_Top.v Line: 47
    Warning (13010): Node "LCD_DATA[2]~synth" File: C:/Users/wob19/Desktop/LCD/LCD_Top.v Line: 47
    Warning (13010): Node "LCD_DATA[3]~synth" File: C:/Users/wob19/Desktop/LCD/LCD_Top.v Line: 47
    Warning (13010): Node "LCD_DATA[4]~synth" File: C:/Users/wob19/Desktop/LCD/LCD_Top.v Line: 47
    Warning (13010): Node "LCD_DATA[5]~synth" File: C:/Users/wob19/Desktop/LCD/LCD_Top.v Line: 47
    Warning (13010): Node "LCD_DATA[6]~synth" File: C:/Users/wob19/Desktop/LCD/LCD_Top.v Line: 47
    Warning (13010): Node "LCD_DATA[7]~synth" File: C:/Users/wob19/Desktop/LCD/LCD_Top.v Line: 47
Warning (13024): Output pins are stuck at VCC or GND
    Warning (13410): Pin "LCD_RW" is stuck at GND File: C:/Users/wob19/Desktop/LCD/LCD_Top.v Line: 49
Info (286030): Timing-Driven Synthesis is running
Info (17049): 8 registers lost all their fanouts during netlist optimizations.
Info (16010): Generating hard_block partition "hard_block:auto_generated_inst"
    Info (16011): Adding 0 node(s), including 0 DDIO, 0 PLL, 0 transceiver and 0 LCELL
Info (21057): Implemented 148 device resources after synthesis - the final resource count might be different
    Info (21058): Implemented 2 input pins
    Info (21059): Implemented 3 output pins
    Info (21060): Implemented 8 bidirectional pins
    Info (21061): Implemented 135 logic cells
Info: Quartus Prime Analysis & Synthesis was successful. 0 errors, 26 warnings
    Info: Peak virtual memory: 4759 megabytes
    Info: Processing ended: Sun Dec 13 09:41:30 2020
    Info: Elapsed time: 00:00:11
    Info: Total CPU time (on all processors): 00:00:20


